Arguments: 
  /home/wellyson/.asdf/installs/nodejs/18.12.1/bin/node /home/wellyson/.asdf/installs/nodejs/18.12.1/bin/yarn add bootdtrap-growl-ifightcrime

PATH: 
  /home/wellyson/.asdf/plugins/nodejs/shims:/home/wellyson/.asdf/installs/nodejs/18.12.1/bin:/home/wellyson/.vscode-server/bin/2ccd690cbff1569e4a83d7c43d45101f817401dc/bin/remote-cli:/home/wellyson/.rvm/gems/ruby-3.2.2/bin:/home/wellyson/.rvm/gems/ruby-3.2.2@global/bin:/home/wellyson/.rvm/rubies/ruby-3.2.2/bin:/home/wellyson/.rvm/bin:/home/wellyson/.asdf/shims:/home/wellyson/.asdf/bin:/usr/local/sbin:/usr/local/bin:/usr/sbin:/usr/bin:/sbin:/bin:/usr/games:/usr/local/games:/usr/lib/wsl/lib:/mnt/c/Windows/system32:/mnt/c/Windows:/mnt/c/Windows/System32/Wbem:/mnt/c/Windows/System32/WindowsPowerShell/v1.0:/mnt/c/Windows/System32/OpenSSH:/mnt/c/ProgramData/chocolatey/bin:/mnt/c/Program Files/Git/cmd:/mnt/c/Program Files (x86)/NVIDIA Corporation/PhysX/Common:/mnt/c/Program Files/NVIDIA Corporation/NVIDIA NvDLISR:/Docker/host/bin:/mnt/c/Program Files/nodejs:/mnt/c/Users/welly/AppData/Local/Programs/Python/Python311/Scripts:/mnt/c/Users/welly/AppData/Local/Programs/Python/Python311:/mnt/c/Ruby31-x64/bin:/mnt/c/Users/welly/AppData/Local/Microsoft/WindowsApps:/mnt/c/Users/welly/AppData/Local/Programs/Microsoft VS Code/bin:/mnt/c/Users/welly/AppData/Local/GitHubDesktop/bin:/mnt/c/Program Files (x86)/Brackets:/mnt/c/Program Files/JetBrains/PyCharm Community Edition 2022.3.1/bin:/mnt/c/Users/welly/AppData/Roaming/npm:/snap/bin:/home/wellyson/.rvm/bin

Yarn version: 
  1.22.19

Node version: 
  18.12.1

Platform: 
  linux x64

Trace: 
  Error: https://registry.yarnpkg.com/bootdtrap-growl-ifightcrime: Not found
      at params.callback [as _callback] (/home/wellyson/.asdf/installs/nodejs/18.12.1/lib/node_modules/yarn/lib/cli.js:66145:18)
      at self.callback (/home/wellyson/.asdf/installs/nodejs/18.12.1/lib/node_modules/yarn/lib/cli.js:140890:22)
      at Request.emit (node:events:513:28)
      at Request.<anonymous> (/home/wellyson/.asdf/installs/nodejs/18.12.1/lib/node_modules/yarn/lib/cli.js:141862:10)
      at Request.emit (node:events:513:28)
      at IncomingMessage.<anonymous> (/home/wellyson/.asdf/installs/nodejs/18.12.1/lib/node_modules/yarn/lib/cli.js:141784:12)
      at Object.onceWrapper (node:events:627:28)
      at IncomingMessage.emit (node:events:525:35)
      at endReadableNT (node:internal/streams/readable:1359:12)
      at process.processTicksAndRejections (node:internal/process/task_queues:82:21)

npm manifest: 
  {
    "name": "time_to_answer",
    "version": "1.0.0",
    "main": "index.js",
    "repository": "https://github.com/Wellyson-Lopes/time_to_answer.git",
    "author": "Wellyson-Lopes <wellyson.dev@gmail.com>",
    "license": "MIT",
    "dependencies": {
      "bootstrap": "^4.1.3",
      "font-awesome": "^4.7.0",
      "jquery": "^3.7.0",
      "metismenu": "^3.0.7"
    }
  }

yarn manifest: 
  No manifest

Lockfile: 
  # THIS IS AN AUTOGENERATED FILE. DO NOT EDIT THIS FILE DIRECTLY.
  # yarn lockfile v1
  
  
  bootstrap@^4.1.3:
    version "4.1.3"
    resolved "https://registry.yarnpkg.com/bootstrap/-/bootstrap-4.1.3.tgz#0eb371af2c8448e8c210411d0cb824a6409a12be"
    integrity sha512-rDFIzgXcof0jDyjNosjv4Sno77X4KuPeFxG2XZZv1/Kc8DRVGVADdoQyyOVDwPqL36DDmtCQbrpMCqvpPLJQ0w==
  
  font-awesome@^4.7.0:
    version "4.7.0"
    resolved "https://registry.yarnpkg.com/font-awesome/-/font-awesome-4.7.0.tgz#8fa8cf0411a1a31afd07b06d2902bb9fc815a133"
    integrity sha512-U6kGnykA/6bFmg1M/oT9EkFeIYv7JlX3bozwQJWiiLz6L0w3F5vBVPxHlwyX/vtNq1ckcpRKOB9f2Qal/VtFpg==
  
  jquery@^3.7.0:
    version "3.7.0"
    resolved "https://registry.yarnpkg.com/jquery/-/jquery-3.7.0.tgz#fe2c01a05da500709006d8790fe21c8a39d75612"
    integrity sha512-umpJ0/k8X0MvD1ds0P9SfowREz2LenHsQaxSohMZ5OMNEU2r0tf8pdeEFTHMFxWVxKNyU9rTtK3CWzUCTKJUeQ==
  
  metismenu@^3.0.7:
    version "3.0.7"
    resolved "https://registry.yarnpkg.com/metismenu/-/metismenu-3.0.7.tgz#613dd01d14d053474b926a1ecac24d137c934aaa"
    integrity sha512-omMwIAahlzssjSi3xY9ijkhXI8qEaQTqBdJ9lHmfV5Bld2UkxO2h2M3yWsteAlGJ/nSHi4e69WHDE2r18Ickyw==
